[2015-02-16T13:56:42+0200] [INFO] "bad_cert_listener.js:3237 Found preference for webdriver_assume_untrusted_issuer: true\n"
[2015-02-16T13:56:42+0200] [INFO] "bad_cert_listener.js:3237 Found preference for webdriver_accept_untrusted_certs: true\n"
[2015-02-16T13:56:42+0200] [INFO] "bad_cert_listener.js:3248 Accept untrusted certificates: true\n"
[2015-02-16T13:56:42+0200] [INFO] "driver_component.js:10697 Using native events: false\n"
[2015-02-16T13:56:42+0200] [INFO] "driver_component.js:7456 Loading: resource://fxdriver/evaluate.js\n"
[2015-02-16T13:56:42+0200] [INFO] "driver_component.js:7466 Done reading: resource://fxdriver/evaluate.js\n"
[2015-02-16T13:56:42+0200] [INFO] "command_processor.js:10864 Received command: newSession\n"
[2015-02-16T13:56:42+0200] [INFO] "session_store.js:7907 Setting preferences based on required capabilities\n"
[2015-02-16T13:56:42+0200] [INFO] "command_processor.js:10979 Created a new session with id: fe467ac0-9a5f-482e-ab32-b10b8d9c354b\n"
[2015-02-16T13:56:43+0200] [INFO] "command_processor.js:10880 Received command: setTimeout\n"
[2015-02-16T13:56:43+0200] [INFO] "command_processor.js:10880 Received command: setTimeout\n"
[2015-02-16T13:56:43+0200] [INFO] "command_processor.js:10880 Received command: setTimeout\n"
[2015-02-16T13:56:43+0200] [INFO] "command_processor.js:10880 Received command: deleteAllCookies\n"
[2015-02-16T13:56:43+0200] [INFO] "command_processor.js:10880 Received command: maximizeWindow\n"
[2015-02-16T13:56:43+0200] [INFO] "command_processor.js:10880 Received command: get\n"
[2015-02-16T13:56:43+0200] [INFO] "bad_cert_listener.js:3237 Found preference for webdriver_accept_untrusted_certs: true\n"
[2015-02-16T13:56:43+0200] [INFO] "bad_cert_listener.js:3273 Allowing certificate from site: www.pret-us.sandbox.orderdynamics.net:443\n"
[2015-02-16T13:56:43+0200] [INFO] "bad_cert_listener.js:3273 Setting all Override Bits\n"
[2015-02-16T13:56:43+0200] [INFO] "bad_cert_listener.js:3273 Override Bits: 7\n"
[2015-02-16T13:56:54+0200] [INFO] "bad_cert_listener.js:3237 Found preference for webdriver_accept_untrusted_certs: true\n"
[2015-02-16T13:56:54+0200] [INFO] "bad_cert_listener.js:3273 Allowing certificate from site: www.pret-us.sandbox.orderdynamics.net:443\n"
[2015-02-16T13:56:54+0200] [INFO] "bad_cert_listener.js:3273 Setting all Override Bits\n"
[2015-02-16T13:56:54+0200] [INFO] "bad_cert_listener.js:3273 Override Bits: 7\n"
[2015-02-16T13:56:54+0200] [INFO] "bad_cert_listener.js:3237 Found preference for webdriver_accept_untrusted_certs: true\n"
[2015-02-16T13:56:54+0200] [INFO] "bad_cert_listener.js:3273 Allowing certificate from site: www.pret-us.sandbox.orderdynamics.net:443\n"
[2015-02-16T13:56:54+0200] [INFO] "bad_cert_listener.js:3273 Setting all Override Bits\n"
[2015-02-16T13:56:54+0200] [INFO] "bad_cert_listener.js:3273 Override Bits: 7\n"
[2015-02-16T13:56:54+0200] [INFO] "bad_cert_listener.js:3237 Found preference for webdriver_accept_untrusted_certs: true\n"
[2015-02-16T13:56:54+0200] [INFO] "bad_cert_listener.js:3273 Allowing certificate from site: www.pret-us.sandbox.orderdynamics.net:443\n"
[2015-02-16T13:56:54+0200] [INFO] "bad_cert_listener.js:3273 Setting all Override Bits\n"
[2015-02-16T13:56:54+0200] [INFO] "bad_cert_listener.js:3273 Override Bits: 7\n"
[2015-02-16T13:56:54+0200] [INFO] "bad_cert_listener.js:3237 Found preference for webdriver_accept_untrusted_certs: true\n"
[2015-02-16T13:56:54+0200] [INFO] "bad_cert_listener.js:3273 Allowing certificate from site: www.pret-us.sandbox.orderdynamics.net:443\n"
[2015-02-16T13:56:54+0200] [INFO] "bad_cert_listener.js:3273 Setting all Override Bits\n"
[2015-02-16T13:56:54+0200] [INFO] "bad_cert_listener.js:3273 Override Bits: 7\n"
[2015-02-16T13:56:56+0200] [INFO] "prompt_service.js:7710 Spoofing prompt service\n"
[2015-02-16T13:56:56+0200] [INFO] "prompt_service.js:7717 Found implementation at: {7ad1b327-6dfa-46ec-9234-f2a620ea7e00}\n"
[2015-02-16T13:56:56+0200] [INFO] "prompt_service.js:7717 Found implementation at: {1c978d25-b37f-43a8-a2d6-0c7a239ead87}\n"
[2015-02-16T13:56:56+0200] [INFO] "prompt_service.js:7730 Finished initializing spoofed prompt service\n"
[2015-02-16T13:56:57+0200] [INFO] "driver_component.js:3305 request status is 0\n"
[2015-02-16T13:56:57+0200] [INFO] "command_processor.js:10880 Received command: get\n"
[2015-02-16T13:57:07+0200] [INFO] "driver_component.js:3305 request status is 0\n"
[2015-02-16T13:57:07+0200] [INFO] "command_processor.js:10880 Received command: findElements\n"
[2015-02-16T13:57:07+0200] [INFO] "command_processor.js:10805 Ignoring pending about:document-onload-blocker request\n"
[2015-02-16T13:57:07+0200] [INFO] "command_processor.js:10805 Ignoring pending about:document-onload-blocker request\n"
[2015-02-16T13:57:07+0200] [INFO] "command_processor.js:10805 Ignoring pending about:document-onload-blocker request\n"
[2015-02-16T13:57:07+0200] [INFO] "command_processor.js:10880 Received command: findElement\n"
[2015-02-16T13:57:07+0200] [INFO] "command_processor.js:10880 Received command: isElementDisplayed\n"
[2015-02-16T13:57:07+0200] [INFO] "command_processor.js:10880 Received command: findElement\n"
[2015-02-16T13:57:08+0200] [INFO] "command_processor.js:10880 Received command: clearElement\n"
[2015-02-16T13:57:08+0200] [INFO] "command_processor.js:10880 Received command: sendKeysToElement\n"
[2015-02-16T13:57:08+0200] [INFO] "command_processor.js:10282 No need to switch focus\n"
[2015-02-16T13:57:08+0200] [INFO] "command_processor.js:7245 Doing sendKeys in a non-native way...\n"
[2015-02-16T13:57:08+0200] [INFO] "command_processor.js:10880 Received command: findElement\n"
[2015-02-16T13:57:08+0200] [INFO] "command_processor.js:10880 Received command: clearElement\n"
[2015-02-16T13:57:08+0200] [INFO] "command_processor.js:10880 Received command: sendKeysToElement\n"
[2015-02-16T13:57:08+0200] [INFO] "command_processor.js:10282 No need to switch focus\n"
[2015-02-16T13:57:08+0200] [INFO] "command_processor.js:7245 Doing sendKeys in a non-native way...\n"
[2015-02-16T13:57:08+0200] [INFO] "command_processor.js:10880 Received command: findElement\n"
[2015-02-16T13:57:08+0200] [INFO] "command_processor.js:10880 Received command: clickElement\n"
[2015-02-16T13:57:08+0200] [INFO] "command_processor.js:10268 Falling back to synthesized click\n"
[2015-02-16T13:57:08+0200] [INFO] "synthetic_mouse.js:9164 SyntheticMouse.move [object XrayWrapper [object HTMLButtonElement]] 102 16\n"
[2015-02-16T13:57:08+0200] [INFO] "synthetic_mouse.js:9174 Calling mouse.move with: 102, 16, [object XrayWrapper [object HTMLButtonElement]]\n"
[2015-02-16T13:57:08+0200] [INFO] "synthetic_mouse.js:9277 Calling fireMouseEvent mouseout 496, 383.5, [object XrayWrapper [object HTMLInputElement]]\n"
[2015-02-16T13:57:08+0200] [INFO] "synthetic_mouse.js:9283 Called fireMouseEvent mouseout 496, 383.5, [object XrayWrapper [object HTMLInputElement]]\n"
[2015-02-16T13:57:08+0200] [INFO] "synthetic_mouse.js:9277 Calling fireMouseEvent mouseover 496, 383.5, [object XrayWrapper [object HTMLButtonElement]]\n"
[2015-02-16T13:57:08+0200] [INFO] "synthetic_mouse.js:9283 Called fireMouseEvent mouseover 496, 383.5, [object XrayWrapper [object HTMLButtonElement]]\n"
[2015-02-16T13:57:08+0200] [INFO] "synthetic_mouse.js:9277 Calling fireMouseEvent mousemove 496, 383.5, [object XrayWrapper [object HTMLButtonElement]]\n"
[2015-02-16T13:57:08+0200] [INFO] "synthetic_mouse.js:9283 Called fireMouseEvent mousemove 496, 383.5, [object XrayWrapper [object HTMLButtonElement]]\n"
[2015-02-16T13:57:08+0200] [INFO] "synthetic_mouse.js:9181 SyntheticMouse.click [object XrayWrapper [object HTMLButtonElement]]\n"
[2015-02-16T13:57:08+0200] [INFO] "synthetic_mouse.js:9193 About to do a bot.action.click on [object XrayWrapper [object HTMLButtonElement]]\n"
[2015-02-16T13:57:08+0200] [INFO] "command_processor.js:7493 Not loading document anymore.\n"
[2015-02-16T13:57:13+0200] [INFO] "command_processor.js:10880 Received command: get\n"
[2015-02-16T13:57:24+0200] [INFO] "driver_component.js:3305 request status is 0\n"
[2015-02-16T13:57:24+0200] [INFO] "command_processor.js:10880 Received command: findElements\n"
[2015-02-16T13:57:24+0200] [INFO] "command_processor.js:10805 Ignoring pending about:document-onload-blocker request\n"
[2015-02-16T13:57:24+0200] [INFO] "command_processor.js:10805 Ignoring pending about:document-onload-blocker request\n"
[2015-02-16T13:57:25+0200] [INFO] "command_processor.js:10880 Received command: findElements\n"
[2015-02-16T13:57:25+0200] [INFO] "command_processor.js:10880 Received command: findElement\n"
[2015-02-16T13:57:25+0200] [INFO] "command_processor.js:10880 Received command: clickElement\n"
[2015-02-16T13:57:25+0200] [INFO] "command_processor.js:10268 Falling back to synthesized click\n"
[2015-02-16T13:57:25+0200] [INFO] "synthetic_mouse.js:9164 SyntheticMouse.move [object XrayWrapper [object HTMLElement]] 35 6\n"
[2015-02-16T13:57:25+0200] [INFO] "synthetic_mouse.js:9174 Calling mouse.move with: 35, 6, [object XrayWrapper [object HTMLElement]]\n"
[2015-02-16T13:57:25+0200] [INFO] "synthetic_mouse.js:9277 Calling fireMouseEvent mouseover 864.5, 51.383331298828125, [object XrayWrapper [object HTMLElement]]\n"
[2015-02-16T13:57:25+0200] [INFO] "synthetic_mouse.js:9283 Called fireMouseEvent mouseover 864.5, 51.383331298828125, [object XrayWrapper [object HTMLElement]]\n"
[2015-02-16T13:57:25+0200] [INFO] "synthetic_mouse.js:9277 Calling fireMouseEvent mousemove 864.5, 51.383331298828125, [object XrayWrapper [object HTMLElement]]\n"
[2015-02-16T13:57:25+0200] [INFO] "synthetic_mouse.js:9283 Called fireMouseEvent mousemove 864.5, 51.383331298828125, [object XrayWrapper [object HTMLElement]]\n"
[2015-02-16T13:57:25+0200] [INFO] "synthetic_mouse.js:9181 SyntheticMouse.click [object XrayWrapper [object HTMLElement]]\n"
[2015-02-16T13:57:25+0200] [INFO] "synthetic_mouse.js:9193 About to do a bot.action.click on [object XrayWrapper [object HTMLElement]]\n"
[2015-02-16T13:57:25+0200] [INFO] "command_processor.js:7493 Not loading document anymore.\n"
[2015-02-16T13:57:25+0200] [INFO] "command_processor.js:10880 Received command: findElements\n"
[2015-02-16T13:57:25+0200] [INFO] "command_processor.js:10805 Ignoring pending about:document-onload-blocker request\n"
[2015-02-16T13:57:25+0200] [INFO] "command_processor.js:10805 Ignoring pending about:document-onload-blocker request\n"
[2015-02-16T13:57:25+0200] [INFO] "command_processor.js:10805 Ignoring pending about:document-onload-blocker request\n"
[2015-02-16T13:57:25+0200] [INFO] "command_processor.js:10805 Ignoring pending about:document-onload-blocker request\n"
[2015-02-16T13:57:25+0200] [INFO] "command_processor.js:10805 Ignoring pending about:document-onload-blocker request\n"
[2015-02-16T13:57:25+0200] [INFO] "command_processor.js:10805 Ignoring pending about:document-onload-blocker request\n"
[2015-02-16T13:57:25+0200] [INFO] "command_processor.js:10805 Ignoring pending about:document-onload-blocker request\n"
[2015-02-16T13:57:25+0200] [INFO] "command_processor.js:10805 Ignoring pending about:document-onload-blocker request\n"
[2015-02-16T13:57:26+0200] [INFO] "command_processor.js:10805 Ignoring pending about:document-onload-blocker request\n"
[2015-02-16T13:57:26+0200] [INFO] "command_processor.js:10805 Ignoring pending about:document-onload-blocker request\n"
[2015-02-16T13:57:26+0200] [INFO] "command_processor.js:10805 Ignoring pending about:document-onload-blocker request\n"
[2015-02-16T13:57:26+0200] [INFO] "command_processor.js:10805 Ignoring pending about:document-onload-blocker request\n"
[2015-02-16T13:57:26+0200] [INFO] "command_processor.js:10805 Ignoring pending about:document-onload-blocker request\n"
[2015-02-16T13:57:26+0200] [INFO] "command_processor.js:10805 Ignoring pending about:document-onload-blocker request\n"
[2015-02-16T13:57:26+0200] [INFO] "command_processor.js:10805 Ignoring pending about:document-onload-blocker request\n"
[2015-02-16T13:57:26+0200] [INFO] "command_processor.js:10805 Ignoring pending about:document-onload-blocker request\n"
[2015-02-16T13:57:26+0200] [INFO] "command_processor.js:10805 Ignoring pending about:document-onload-blocker request\n"
[2015-02-16T13:57:27+0200] [INFO] "command_processor.js:10805 Ignoring pending about:document-onload-blocker request\n"
[2015-02-16T13:57:27+0200] [INFO] "command_processor.js:10805 Ignoring pending about:document-onload-blocker request\n"
[2015-02-16T13:57:27+0200] [INFO] "command_processor.js:10805 Ignoring pending about:document-onload-blocker request\n"
[2015-02-16T13:57:27+0200] [INFO] "command_processor.js:10805 Ignoring pending about:document-onload-blocker request\n"
[2015-02-16T13:57:27+0200] [INFO] "command_processor.js:10805 Ignoring pending about:document-onload-blocker request\n"
[2015-02-16T13:57:27+0200] [INFO] "command_processor.js:10805 Ignoring pending about:document-onload-blocker request\n"
[2015-02-16T13:57:27+0200] [INFO] "command_processor.js:10805 Ignoring pending about:document-onload-blocker request\n"
[2015-02-16T13:57:27+0200] [INFO] "command_processor.js:10805 Ignoring pending about:document-onload-blocker request\n"
[2015-02-16T13:57:27+0200] [INFO] "command_processor.js:10805 Ignoring pending about:document-onload-blocker request\n"
[2015-02-16T13:57:27+0200] [INFO] "command_processor.js:10805 Ignoring pending about:document-onload-blocker request\n"
[2015-02-16T13:57:28+0200] [INFO] "command_processor.js:10805 Ignoring pending about:document-onload-blocker request\n"
[2015-02-16T13:57:28+0200] [INFO] "command_processor.js:10805 Ignoring pending about:document-onload-blocker request\n"
[2015-02-16T13:57:28+0200] [INFO] "command_processor.js:10805 Ignoring pending about:document-onload-blocker request\n"
[2015-02-16T13:57:28+0200] [INFO] "command_processor.js:10805 Ignoring pending about:document-onload-blocker request\n"
[2015-02-16T13:57:28+0200] [INFO] "command_processor.js:10805 Ignoring pending about:document-onload-blocker request\n"
[2015-02-16T13:57:28+0200] [INFO] "command_processor.js:10805 Ignoring pending about:document-onload-blocker request\n"
[2015-02-16T13:57:30+0200] [INFO] "command_processor.js:10805 Ignoring pending about:document-onload-blocker request\n"
[2015-02-16T13:57:31+0200] [INFO] "command_processor.js:10805 Ignoring pending about:document-onload-blocker request\n"
[2015-02-16T13:57:31+0200] [INFO] "command_processor.js:10880 Received command: findElement\n"
[2015-02-16T13:57:31+0200] [INFO] "command_processor.js:10880 Received command: clearElement\n"
[2015-02-16T13:57:31+0200] [INFO] "command_processor.js:10880 Received command: sendKeysToElement\n"
[2015-02-16T13:57:31+0200] [INFO] "command_processor.js:10282 No need to switch focus\n"
[2015-02-16T13:57:31+0200] [INFO] "command_processor.js:7245 Doing sendKeys in a non-native way...\n"
[2015-02-16T13:57:31+0200] [INFO] "command_processor.js:10880 Received command: findElement\n"
[2015-02-16T13:57:31+0200] [INFO] "command_processor.js:10880 Received command: clickElement\n"
[2015-02-16T13:57:31+0200] [INFO] "command_processor.js:10268 Falling back to synthesized click\n"
[2015-02-16T13:57:31+0200] [INFO] "synthetic_mouse.js:9164 SyntheticMouse.move [object XrayWrapper [object HTMLButtonElement]] 60 13\n"
[2015-02-16T13:57:31+0200] [INFO] "synthetic_mouse.js:9174 Calling mouse.move with: 60, 13, [object XrayWrapper [object HTMLButtonElement]]\n"
[2015-02-16T13:57:31+0200] [INFO] "synthetic_mouse.js:9277 Calling fireMouseEvent mouseover 913.5, 617.2000122070312, [object XrayWrapper [object HTMLButtonElement]]\n"
[2015-02-16T13:57:31+0200] [INFO] "synthetic_mouse.js:9283 Called fireMouseEvent mouseover 913.5, 617.2000122070312, [object XrayWrapper [object HTMLButtonElement]]\n"
[2015-02-16T13:57:31+0200] [INFO] "synthetic_mouse.js:9277 Calling fireMouseEvent mousemove 913.5, 617.2000122070312, [object XrayWrapper [object HTMLButtonElement]]\n"
[2015-02-16T13:57:31+0200] [INFO] "synthetic_mouse.js:9283 Called fireMouseEvent mousemove 913.5, 617.2000122070312, [object XrayWrapper [object HTMLButtonElement]]\n"
[2015-02-16T13:57:31+0200] [INFO] "synthetic_mouse.js:9181 SyntheticMouse.click [object XrayWrapper [object HTMLButtonElement]]\n"
[2015-02-16T13:57:31+0200] [INFO] "synthetic_mouse.js:9193 About to do a bot.action.click on [object XrayWrapper [object HTMLButtonElement]]\n"
[2015-02-16T13:57:31+0200] [INFO] "command_processor.js:7493 Not loading document anymore.\n"
[2015-02-16T13:57:31+0200] [INFO] "command_processor.js:10880 Received command: findElement\n"
[2015-02-16T13:57:31+0200] [INFO] "command_processor.js:10805 Ignoring pending about:document-onload-blocker request\n"
[2015-02-16T13:57:31+0200] [INFO] "command_processor.js:10880 Received command: isElementDisplayed\n"
[2015-02-16T13:57:31+0200] [INFO] "command_processor.js:10880 Received command: findElement\n"
[2015-02-16T13:57:31+0200] [INFO] "command_processor.js:10880 Received command: clearElement\n"
[2015-02-16T13:57:32+0200] [INFO] "command_processor.js:10880 Received command: sendKeysToElement\n"
[2015-02-16T13:57:32+0200] [INFO] "command_processor.js:10282 No need to switch focus\n"
[2015-02-16T13:57:32+0200] [INFO] "command_processor.js:7245 Doing sendKeys in a non-native way...\n"
[2015-02-16T13:57:32+0200] [INFO] "command_processor.js:10880 Received command: findElement\n"
[2015-02-16T13:57:32+0200] [INFO] "command_processor.js:10880 Received command: clickElement\n"
[2015-02-16T13:57:32+0200] [INFO] "command_processor.js:10268 Falling back to synthesized click\n"
[2015-02-16T13:57:32+0200] [INFO] "synthetic_mouse.js:9164 SyntheticMouse.move [object XrayWrapper [object HTMLButtonElement]] 60 13\n"
[2015-02-16T13:57:32+0200] [INFO] "synthetic_mouse.js:9174 Calling mouse.move with: 60, 13, [object XrayWrapper [object HTMLButtonElement]]\n"
[2015-02-16T13:57:32+0200] [INFO] "synthetic_mouse.js:9277 Calling fireMouseEvent mousemove 913.5, 617.2000122070312, [object XrayWrapper [object HTMLButtonElement]]\n"
[2015-02-16T13:57:32+0200] [INFO] "synthetic_mouse.js:9283 Called fireMouseEvent mousemove 913.5, 617.2000122070312, [object XrayWrapper [object HTMLButtonElement]]\n"
[2015-02-16T13:57:32+0200] [INFO] "synthetic_mouse.js:9181 SyntheticMouse.click [object XrayWrapper [object HTMLButtonElement]]\n"
[2015-02-16T13:57:32+0200] [INFO] "synthetic_mouse.js:9193 About to do a bot.action.click on [object XrayWrapper [object HTMLButtonElement]]\n"
[2015-02-16T13:57:32+0200] [INFO] "command_processor.js:7493 Not loading document anymore.\n"
[2015-02-16T13:57:32+0200] [INFO] "command_processor.js:10880 Received command: findElement\n"
[2015-02-16T13:57:32+0200] [INFO] "command_processor.js:10805 Ignoring pending about:document-onload-blocker request\n"
[2015-02-16T13:57:32+0200] [INFO] "command_processor.js:10805 Ignoring pending about:document-onload-blocker request\n"
[2015-02-16T13:57:32+0200] [INFO] "command_processor.js:10805 Ignoring pending about:document-onload-blocker request\n"
[2015-02-16T13:57:32+0200] [INFO] "command_processor.js:10880 Received command: isElementDisplayed\n"
[2015-02-16T13:57:32+0200] [INFO] "command_processor.js:10864 Received command: getWindowHandles\n"
[2015-02-16T13:57:32+0200] [INFO] "command_processor.js:10880 Received command: switchToWindow\n"
[2015-02-16T13:57:32+0200] [INFO] "command_processor.js:10880 Received command: screenshot\n"
[2015-02-16T13:57:33+0200] [INFO] "command_processor.js:10880 Received command: getAvailableLogTypes\n"
[2015-02-16T13:57:33+0200] [INFO] "command_processor.js:10880 Received command: getLog\n"
[2015-02-16T13:57:33+0200] [INFO] "command_processor.js:10880 Received command: getLog\n"
